0 info it worked if it ends with ok
1 verbose cli [ 'C:\\Program Files\\nodejs\\node.exe',
1 verbose cli   'C:\\Program Files\\nodejs\\node_modules\\npm\\bin\\npm-cli.js',
1 verbose cli   'install' ]
2 info using npm@3.10.10
3 info using node@v6.11.1
4 silly loadCurrentTree Starting
5 silly install loadCurrentTree
6 silly install readLocalPackageData
7 silly install normalizeTree
8 silly loadCurrentTree Finishing
9 silly loadIdealTree Starting
10 silly install loadIdealTree
11 silly cloneCurrentTree Starting
12 silly install cloneCurrentTreeToIdealTree
13 silly cloneCurrentTree Finishing
14 silly loadShrinkwrap Starting
15 silly install loadShrinkwrap
16 silly loadShrinkwrap Finishing
17 silly loadAllDepsIntoIdealTree Starting
18 silly install loadAllDepsIntoIdealTree
19 silly fetchNamedPackageData inquirer
20 silly mapToRegistry name inquirer
21 silly mapToRegistry using default registry
22 silly mapToRegistry registry https://registry.npmjs.org/
23 silly mapToRegistry data Result {
23 silly mapToRegistry   raw: 'inquirer',
23 silly mapToRegistry   scope: null,
23 silly mapToRegistry   escapedName: 'inquirer',
23 silly mapToRegistry   name: 'inquirer',
23 silly mapToRegistry   rawSpec: '',
23 silly mapToRegistry   spec: 'latest',
23 silly mapToRegistry   type: 'tag' }
24 silly mapToRegistry uri https://registry.npmjs.org/inquirer
25 silly fetchNamedPackageData node-spotify-api
26 silly mapToRegistry name node-spotify-api
27 silly mapToRegistry using default registry
28 silly mapToRegistry registry https://registry.npmjs.org/
29 silly mapToRegistry data Result {
29 silly mapToRegistry   raw: 'node-spotify-api',
29 silly mapToRegistry   scope: null,
29 silly mapToRegistry   escapedName: 'node-spotify-api',
29 silly mapToRegistry   name: 'node-spotify-api',
29 silly mapToRegistry   rawSpec: '',
29 silly mapToRegistry   spec: 'latest',
29 silly mapToRegistry   type: 'tag' }
30 silly mapToRegistry uri https://registry.npmjs.org/node-spotify-api
31 silly fetchNamedPackageData node-twitter
32 silly mapToRegistry name node-twitter
33 silly mapToRegistry using default registry
34 silly mapToRegistry registry https://registry.npmjs.org/
35 silly mapToRegistry data Result {
35 silly mapToRegistry   raw: 'node-twitter',
35 silly mapToRegistry   scope: null,
35 silly mapToRegistry   escapedName: 'node-twitter',
35 silly mapToRegistry   name: 'node-twitter',
35 silly mapToRegistry   rawSpec: '',
35 silly mapToRegistry   spec: 'latest',
35 silly mapToRegistry   type: 'tag' }
36 silly mapToRegistry uri https://registry.npmjs.org/node-twitter
37 silly fetchNamedPackageData request
38 silly mapToRegistry name request
39 silly mapToRegistry using default registry
40 silly mapToRegistry registry https://registry.npmjs.org/
41 silly mapToRegistry data Result {
41 silly mapToRegistry   raw: 'request',
41 silly mapToRegistry   scope: null,
41 silly mapToRegistry   escapedName: 'request',
41 silly mapToRegistry   name: 'request',
41 silly mapToRegistry   rawSpec: '',
41 silly mapToRegistry   spec: 'latest',
41 silly mapToRegistry   type: 'tag' }
42 silly mapToRegistry uri https://registry.npmjs.org/request
43 verbose request uri https://registry.npmjs.org/node-spotify-api
44 verbose request no auth needed
45 info attempt registry request try #1 at 6:13:13 PM
46 verbose request id 0c21b40deff3570b
47 http request GET https://registry.npmjs.org/node-spotify-api
48 verbose request uri https://registry.npmjs.org/node-twitter
49 verbose request no auth needed
50 info attempt registry request try #1 at 6:13:13 PM
51 http request GET https://registry.npmjs.org/node-twitter
52 verbose request uri https://registry.npmjs.org/inquirer
53 verbose request no auth needed
54 info attempt registry request try #1 at 6:13:13 PM
55 verbose etag W/"59e9ded0-20f63"
56 verbose lastModified Fri, 20 Oct 2017 11:32:32 GMT
57 http request GET https://registry.npmjs.org/inquirer
58 verbose request uri https://registry.npmjs.org/request
59 verbose request no auth needed
60 info attempt registry request try #1 at 6:13:13 PM
61 verbose etag W/"5a0834a8-39836"
62 verbose lastModified Sun, 12 Nov 2017 11:46:48 GMT
63 http request GET https://registry.npmjs.org/request
64 http 200 https://registry.npmjs.org/node-spotify-api
65 verbose headers { server: 'nginx/1.10.1',
65 verbose headers   'content-type': 'application/json',
65 verbose headers   'last-modified': 'Wed, 25 Oct 2017 18:19:42 GMT',
65 verbose headers   etag: 'W/"59f0d5be-3583"',
65 verbose headers   'content-encoding': 'gzip',
65 verbose headers   'cache-control': 'max-age=300',
65 verbose headers   'content-length': '3569',
65 verbose headers   'accept-ranges': 'bytes',
65 verbose headers   date: 'Thu, 16 Nov 2017 23:13:15 GMT',
65 verbose headers   via: '1.1 varnish',
65 verbose headers   age: '0',
65 verbose headers   connection: 'keep-alive',
65 verbose headers   'x-served-by': 'cache-dca17737-DCA',
65 verbose headers   'x-cache': 'MISS',
65 verbose headers   'x-cache-hits': '0',
65 verbose headers   'x-timer': 'S1510873995.188242,VS0,VE9',
65 verbose headers   vary: 'Accept-Encoding, Accept' }
66 silly get cb [ 200,
66 silly get   { server: 'nginx/1.10.1',
66 silly get     'content-type': 'application/json',
66 silly get     'last-modified': 'Wed, 25 Oct 2017 18:19:42 GMT',
66 silly get     etag: 'W/"59f0d5be-3583"',
66 silly get     'content-encoding': 'gzip',
66 silly get     'cache-control': 'max-age=300',
66 silly get     'content-length': '3569',
66 silly get     'accept-ranges': 'bytes',
66 silly get     date: 'Thu, 16 Nov 2017 23:13:15 GMT',
66 silly get     via: '1.1 varnish',
66 silly get     age: '0',
66 silly get     connection: 'keep-alive',
66 silly get     'x-served-by': 'cache-dca17737-DCA',
66 silly get     'x-cache': 'MISS',
66 silly get     'x-cache-hits': '0',
66 silly get     'x-timer': 'S1510873995.188242,VS0,VE9',
66 silly get     vary: 'Accept-Encoding, Accept' } ]
67 verbose get saving node-spotify-api to C:\Users\Mendoza\AppData\Roaming\npm-cache\registry.npmjs.org\node-spotify-api\.cache.json
68 verbose correctMkdir C:\Users\Mendoza\AppData\Roaming\npm-cache correctMkdir not in flight; initializing
69 http 200 https://registry.npmjs.org/node-twitter
70 verbose headers { server: 'nginx/1.10.1',
70 verbose headers   'content-type': 'application/json',
70 verbose headers   'last-modified': 'Mon, 22 May 2017 13:40:21 GMT',
70 verbose headers   etag: 'W/"5922ea45-5418"',
70 verbose headers   'content-encoding': 'gzip',
70 verbose headers   'cache-control': 'max-age=300',
70 verbose headers   'content-length': '2893',
70 verbose headers   'accept-ranges': 'bytes',
70 verbose headers   date: 'Thu, 16 Nov 2017 23:13:15 GMT',
70 verbose headers   via: '1.1 varnish',
70 verbose headers   age: '0',
70 verbose headers   connection: 'keep-alive',
70 verbose headers   'x-served-by': 'cache-dca17722-DCA',
70 verbose headers   'x-cache': 'MISS',
70 verbose headers   'x-cache-hits': '0',
70 verbose headers   'x-timer': 'S1510873995.197685,VS0,VE7',
70 verbose headers   vary: 'Accept-Encoding, Accept' }
71 silly get cb [ 200,
71 silly get   { server: 'nginx/1.10.1',
71 silly get     'content-type': 'application/json',
71 silly get     'last-modified': 'Mon, 22 May 2017 13:40:21 GMT',
71 silly get     etag: 'W/"5922ea45-5418"',
71 silly get     'content-encoding': 'gzip',
71 silly get     'cache-control': 'max-age=300',
71 silly get     'content-length': '2893',
71 silly get     'accept-ranges': 'bytes',
71 silly get     date: 'Thu, 16 Nov 2017 23:13:15 GMT',
71 silly get     via: '1.1 varnish',
71 silly get     age: '0',
71 silly get     connection: 'keep-alive',
71 silly get     'x-served-by': 'cache-dca17722-DCA',
71 silly get     'x-cache': 'MISS',
71 silly get     'x-cache-hits': '0',
71 silly get     'x-timer': 'S1510873995.197685,VS0,VE7',
71 silly get     vary: 'Accept-Encoding, Accept' } ]
72 verbose get saving node-twitter to C:\Users\Mendoza\AppData\Roaming\npm-cache\registry.npmjs.org\node-twitter\.cache.json
73 verbose correctMkdir C:\Users\Mendoza\AppData\Roaming\npm-cache correctMkdir not in flight; initializing
74 silly resolveWithNewModule node-spotify-api@1.0.7 checking installable status
75 silly cache add args [ 'node-spotify-api@^1.0.7', null ]
76 verbose cache add spec node-spotify-api@^1.0.7
77 silly cache add parsed spec Result {
77 silly cache add   raw: 'node-spotify-api@^1.0.7',
77 silly cache add   scope: null,
77 silly cache add   escapedName: 'node-spotify-api',
77 silly cache add   name: 'node-spotify-api',
77 silly cache add   rawSpec: '^1.0.7',
77 silly cache add   spec: '>=1.0.7 <2.0.0',
77 silly cache add   type: 'range' }
78 silly addNamed node-spotify-api@>=1.0.7 <2.0.0
79 verbose addNamed ">=1.0.7 <2.0.0" is a valid semver range for node-spotify-api
80 silly addNameRange { name: 'node-spotify-api',
80 silly addNameRange   range: '>=1.0.7 <2.0.0',
80 silly addNameRange   hasData: false }
81 silly mapToRegistry name node-spotify-api
82 silly mapToRegistry using default registry
83 silly mapToRegistry registry https://registry.npmjs.org/
84 silly mapToRegistry data Result {
84 silly mapToRegistry   raw: 'node-spotify-api',
84 silly mapToRegistry   scope: null,
84 silly mapToRegistry   escapedName: 'node-spotify-api',
84 silly mapToRegistry   name: 'node-spotify-api',
84 silly mapToRegistry   rawSpec: '',
84 silly mapToRegistry   spec: 'latest',
84 silly mapToRegistry   type: 'tag' }
85 silly mapToRegistry uri https://registry.npmjs.org/node-spotify-api
86 verbose addNameRange registry:https://registry.npmjs.org/node-spotify-api not in flight; fetching
87 silly fetchPackageMetaData Error: No compatible version found: node-twitter@^1.7.1
87 silly fetchPackageMetaData Valid install targets:
87 silly fetchPackageMetaData 0.5.3, 0.5.2, 0.5.1, 0.5.0, 0.4.6, 0.4.5, 0.4.4, 0.4.1, 0.3.0, 0.2.0, 0.1.3, 0.1.2, 0.1.1, 0.1.0
87 silly fetchPackageMetaData
87 silly fetchPackageMetaData     at pickVersionFromRegistryDocument (C:\Program Files\nodejs\node_modules\npm\lib\fetch-package-metadata.js:178:16)
87 silly fetchPackageMetaData     at C:\Program Files\nodejs\node_modules\npm\node_modules\iferr\index.js:13:50
87 silly fetchPackageMetaData     at C:\Program Files\nodejs\node_modules\npm\lib\utils\pulse-till-done.js:20:8
87 silly fetchPackageMetaData     at saved (C:\Program Files\nodejs\node_modules\npm\lib\cache\caching-client.js:174:7)
87 silly fetchPackageMetaData     at C:\Program Files\nodejs\node_modules\npm\node_modules\graceful-fs\polyfills.js:241:18
87 silly fetchPackageMetaData     at FSReqWrap.oncomplete (fs.js:123:15)
87 silly fetchPackageMetaData  error for node-twitter@^1.7.1 { Error: No compatible version found: node-twitter@^1.7.1
87 silly fetchPackageMetaData Valid install targets:
87 silly fetchPackageMetaData 0.5.3, 0.5.2, 0.5.1, 0.5.0, 0.4.6, 0.4.5, 0.4.4, 0.4.1, 0.3.0, 0.2.0, 0.1.3, 0.1.2, 0.1.1, 0.1.0
87 silly fetchPackageMetaData
87 silly fetchPackageMetaData     at pickVersionFromRegistryDocument (C:\Program Files\nodejs\node_modules\npm\lib\fetch-package-metadata.js:178:16)
87 silly fetchPackageMetaData     at C:\Program Files\nodejs\node_modules\npm\node_modules\iferr\index.js:13:50
87 silly fetchPackageMetaData     at C:\Program Files\nodejs\node_modules\npm\lib\utils\pulse-till-done.js:20:8
87 silly fetchPackageMetaData     at saved (C:\Program Files\nodejs\node_modules\npm\lib\cache\caching-client.js:174:7)
87 silly fetchPackageMetaData     at C:\Program Files\nodejs\node_modules\npm\node_modules\graceful-fs\polyfills.js:241:18
87 silly fetchPackageMetaData     at FSReqWrap.oncomplete (fs.js:123:15) code: 'ETARGET' }
88 verbose get https://registry.npmjs.org/node-spotify-api not expired, no request
89 silly addNameRange number 2 { name: 'node-spotify-api',
89 silly addNameRange   range: '>=1.0.7 <2.0.0',
89 silly addNameRange   hasData: true }
90 silly addNameRange versions [ 'node-spotify-api',
90 silly addNameRange   [ '1.0.0',
90 silly addNameRange     '1.0.1',
90 silly addNameRange     '1.0.2',
90 silly addNameRange     '1.0.3',
90 silly addNameRange     '1.0.4',
90 silly addNameRange     '1.0.5',
90 silly addNameRange     '1.0.6',
90 silly addNameRange     '1.0.7' ] ]
91 silly addNamed node-spotify-api@1.0.7
92 verbose addNamed "1.0.7" is a plain semver version for node-spotify-api
93 silly mapToRegistry name node-spotify-api
94 silly mapToRegistry using default registry
95 silly mapToRegistry registry https://registry.npmjs.org/
96 silly mapToRegistry data Result {
96 silly mapToRegistry   raw: 'node-spotify-api',
96 silly mapToRegistry   scope: null,
96 silly mapToRegistry   escapedName: 'node-spotify-api',
96 silly mapToRegistry   name: 'node-spotify-api',
96 silly mapToRegistry   rawSpec: '',
96 silly mapToRegistry   spec: 'latest',
96 silly mapToRegistry   type: 'tag' }
97 silly mapToRegistry uri https://registry.npmjs.org/node-spotify-api
98 verbose addRemoteTarball https://registry.npmjs.org/node-spotify-api/-/node-spotify-api-1.0.7.tgz not in flight; adding
99 verbose addRemoteTarball [ 'https://registry.npmjs.org/node-spotify-api/-/node-spotify-api-1.0.7.tgz',
99 verbose addRemoteTarball   '09dd3088428fbf1d0ca4cdf6bbb2d1236bdaa934' ]
100 http 200 https://registry.npmjs.org/inquirer
101 verbose headers { server: 'nginx/1.10.1',
101 verbose headers   'content-type': 'application/json',
101 verbose headers   'last-modified': 'Tue, 14 Nov 2017 06:10:15 GMT',
101 verbose headers   etag: 'W/"5a0a88c7-219bf"',
101 verbose headers   'content-encoding': 'gzip',
101 verbose headers   'cache-control': 'max-age=300',
101 verbose headers   'content-length': '18347',
101 verbose headers   'accept-ranges': 'bytes',
101 verbose headers   date: 'Thu, 16 Nov 2017 23:13:15 GMT',
101 verbose headers   via: '1.1 varnish',
101 verbose headers   age: '258',
101 verbose headers   connection: 'keep-alive',
101 verbose headers   'x-served-by': 'cache-dca17727-DCA',
101 verbose headers   'x-cache': 'HIT',
101 verbose headers   'x-cache-hits': '2',
101 verbose headers   'x-timer': 'S1510873995.192785,VS0,VE0',
101 verbose headers   vary: 'Accept-Encoding, Accept' }
102 silly get cb [ 200,
102 silly get   { server: 'nginx/1.10.1',
102 silly get     'content-type': 'application/json',
102 silly get     'last-modified': 'Tue, 14 Nov 2017 06:10:15 GMT',
102 silly get     etag: 'W/"5a0a88c7-219bf"',
102 silly get     'content-encoding': 'gzip',
102 silly get     'cache-control': 'max-age=300',
102 silly get     'content-length': '18347',
102 silly get     'accept-ranges': 'bytes',
102 silly get     date: 'Thu, 16 Nov 2017 23:13:15 GMT',
102 silly get     via: '1.1 varnish',
102 silly get     age: '258',
102 silly get     connection: 'keep-alive',
102 silly get     'x-served-by': 'cache-dca17727-DCA',
102 silly get     'x-cache': 'HIT',
102 silly get     'x-cache-hits': '2',
102 silly get     'x-timer': 'S1510873995.192785,VS0,VE0',
102 silly get     vary: 'Accept-Encoding, Accept' } ]
103 verbose get saving inquirer to C:\Users\Mendoza\AppData\Roaming\npm-cache\registry.npmjs.org\inquirer\.cache.json
104 verbose correctMkdir C:\Users\Mendoza\AppData\Roaming\npm-cache correctMkdir not in flight; initializing
105 info retry fetch attempt 1 at 6:13:13 PM
106 info attempt registry request try #1 at 6:13:13 PM
107 http fetch GET https://registry.npmjs.org/node-spotify-api/-/node-spotify-api-1.0.7.tgz
108 http 200 https://registry.npmjs.org/request
109 verbose headers { server: 'nginx/1.10.1',
109 verbose headers   'content-type': 'application/json',
109 verbose headers   'last-modified': 'Thu, 16 Nov 2017 10:50:25 GMT',
109 verbose headers   etag: 'W/"5a0d6d71-39899"',
109 verbose headers   'content-encoding': 'gzip',
109 verbose headers   'cache-control': 'max-age=300',
109 verbose headers   'content-length': '36424',
109 verbose headers   'accept-ranges': 'bytes',
109 verbose headers   date: 'Thu, 16 Nov 2017 23:13:15 GMT',
109 verbose headers   via: '1.1 varnish',
109 verbose headers   age: '108',
109 verbose headers   connection: 'keep-alive',
109 verbose headers   'x-served-by': 'cache-dca17745-DCA',
109 verbose headers   'x-cache': 'HIT',
109 verbose headers   'x-cache-hits': '2',
109 verbose headers   'x-timer': 'S1510873995.193220,VS0,VE0',
109 verbose headers   vary: 'Accept-Encoding, Accept' }
110 silly get cb [ 200,
110 silly get   { server: 'nginx/1.10.1',
110 silly get     'content-type': 'application/json',
110 silly get     'last-modified': 'Thu, 16 Nov 2017 10:50:25 GMT',
110 silly get     etag: 'W/"5a0d6d71-39899"',
110 silly get     'content-encoding': 'gzip',
110 silly get     'cache-control': 'max-age=300',
110 silly get     'content-length': '36424',
110 silly get     'accept-ranges': 'bytes',
110 silly get     date: 'Thu, 16 Nov 2017 23:13:15 GMT',
110 silly get     via: '1.1 varnish',
110 silly get     age: '108',
110 silly get     connection: 'keep-alive',
110 silly get     'x-served-by': 'cache-dca17745-DCA',
110 silly get     'x-cache': 'HIT',
110 silly get     'x-cache-hits': '2',
110 silly get     'x-timer': 'S1510873995.193220,VS0,VE0',
110 silly get     vary: 'Accept-Encoding, Accept' } ]
111 verbose get saving request to C:\Users\Mendoza\AppData\Roaming\npm-cache\registry.npmjs.org\request\.cache.json
112 verbose correctMkdir C:\Users\Mendoza\AppData\Roaming\npm-cache correctMkdir not in flight; initializing
113 silly resolveWithNewModule inquirer@3.3.0 checking installable status
114 silly cache add args [ 'inquirer@^3.3.0', null ]
115 verbose cache add spec inquirer@^3.3.0
116 silly cache add parsed spec Result {
116 silly cache add   raw: 'inquirer@^3.3.0',
116 silly cache add   scope: null,
116 silly cache add   escapedName: 'inquirer',
116 silly cache add   name: 'inquirer',
116 silly cache add   rawSpec: '^3.3.0',
116 silly cache add   spec: '>=3.3.0 <4.0.0',
116 silly cache add   type: 'range' }
117 silly addNamed inquirer@>=3.3.0 <4.0.0
118 verbose addNamed ">=3.3.0 <4.0.0" is a valid semver range for inquirer
119 silly addNameRange { name: 'inquirer', range: '>=3.3.0 <4.0.0', hasData: false }
120 silly mapToRegistry name inquirer
121 silly mapToRegistry using default registry
122 silly mapToRegistry registry https://registry.npmjs.org/
123 silly mapToRegistry data Result {
123 silly mapToRegistry   raw: 'inquirer',
123 silly mapToRegistry   scope: null,
123 silly mapToRegistry   escapedName: 'inquirer',
123 silly mapToRegistry   name: 'inquirer',
123 silly mapToRegistry   rawSpec: '',
123 silly mapToRegistry   spec: 'latest',
123 silly mapToRegistry   type: 'tag' }
124 silly mapToRegistry uri https://registry.npmjs.org/inquirer
125 verbose addNameRange registry:https://registry.npmjs.org/inquirer not in flight; fetching
126 verbose get https://registry.npmjs.org/inquirer not expired, no request
127 silly addNameRange number 2 { name: 'inquirer', range: '>=3.3.0 <4.0.0', hasData: true }
128 silly addNameRange versions [ 'inquirer',
128 silly addNameRange   [ '0.1.0',
128 silly addNameRange     '0.1.1',
128 silly addNameRange     '0.1.2',
128 silly addNameRange     '0.1.3',
128 silly addNameRange     '0.1.4',
128 silly addNameRange     '0.1.5',
128 silly addNameRange     '0.1.6',
128 silly addNameRange     '0.1.7',
128 silly addNameRange     '0.1.8',
128 silly addNameRange     '0.1.9',
128 silly addNameRange     '0.2.0',
128 silly addNameRange     '0.2.1',
128 silly addNameRange     '0.1.11',
128 silly addNameRange     '0.1.12',
128 silly addNameRange     '0.2.2',
128 silly addNameRange     '0.2.3',
128 silly addNameRange     '0.2.4',
128 silly addNameRange     '0.2.5',
128 silly addNameRange     '0.3.0',
128 silly addNameRange     '0.3.1',
128 silly addNameRange     '0.3.2',
128 silly addNameRange     '0.3.3',
128 silly addNameRange     '0.3.4',
128 silly addNameRange     '0.3.5',
128 silly addNameRange     '0.4.0',
128 silly addNameRange     '0.4.1',
128 silly addNameRange     '0.5.0',
128 silly addNameRange     '0.5.1',
128 silly addNameRange     '0.6.0',
128 silly addNameRange     '0.7.1',
128 silly addNameRange     '0.7.2',
128 silly addNameRange     '0.7.3',
128 silly addNameRange     '0.8.0',
128 silly addNameRange     '0.8.2',
128 silly addNameRange     '0.8.3',
128 silly addNameRange     '0.8.4',
128 silly addNameRange     '0.8.5',
128 silly addNameRange     '0.9.0',
128 silly addNameRange     '0.10.0',
128 silly addNameRange     '0.10.1',
128 silly addNameRange     '0.11.0',
128 silly addNameRange     '0.11.1',
128 silly addNameRange     '0.11.2',
128 silly addNameRange     '0.11.3',
128 silly addNameRange     '0.11.4',
128 silly addNameRange     '0.12.0',
128 silly addNameRange     '1.0.0',
128 silly addNameRange     '1.0.1',
128 silly addNameRange     '1.0.2',
128 silly addNameRange     '1.0.3',
128 silly addNameRange     '1.1.0',
128 silly addNameRange     '1.1.1',
128 silly addNameRange     '1.1.2',
128 silly addNameRange     '1.1.3',
128 silly addNameRange     '1.2.1',
128 silly addNameRange     '1.2.2',
128 silly addNameRange     '1.2.3',
128 silly addNameRange     '2.0.0',
128 silly addNameRange     '3.0.0',
128 silly addNameRange     '3.0.1',
128 silly addNameRange     '3.0.2',
128 silly addNameRange     '3.0.3',
128 silly addNameRange     '3.0.4',
128 silly addNameRange     '3.0.5',
128 silly addNameRange     '3.0.6',
128 silly addNameRange     '3.1.0',
128 silly addNameRange     '3.1.1',
128 silly addNameRange     '3.2.0',
128 silly addNameRange     '3.2.1',
128 silly addNameRange     '3.2.2',
128 silly addNameRange     '3.2.3',
128 silly addNameRange     '3.3.0',
128 silly addNameRange     '4.0.0' ] ]
129 silly addNamed inquirer@3.3.0
130 verbose addNamed "3.3.0" is a plain semver version for inquirer
131 http fetch 200 https://registry.npmjs.org/node-spotify-api/-/node-spotify-api-1.0.7.tgz
132 silly resolveWithNewModule request@2.83.0 checking installable status
133 silly cache add args [ 'request@^2.82.0', null ]
134 verbose cache add spec request@^2.82.0
135 silly cache add parsed spec Result {
135 silly cache add   raw: 'request@^2.82.0',
135 silly cache add   scope: null,
135 silly cache add   escapedName: 'request',
135 silly cache add   name: 'request',
135 silly cache add   rawSpec: '^2.82.0',
135 silly cache add   spec: '>=2.82.0 <3.0.0',
135 silly cache add   type: 'range' }
136 silly addNamed request@>=2.82.0 <3.0.0
137 verbose addNamed ">=2.82.0 <3.0.0" is a valid semver range for request
138 silly addNameRange { name: 'request', range: '>=2.82.0 <3.0.0', hasData: false }
139 silly mapToRegistry name request
140 silly mapToRegistry using default registry
141 silly mapToRegistry registry https://registry.npmjs.org/
142 silly mapToRegistry data Result {
142 silly mapToRegistry   raw: 'request',
142 silly mapToRegistry   scope: null,
142 silly mapToRegistry   escapedName: 'request',
142 silly mapToRegistry   name: 'request',
142 silly mapToRegistry   rawSpec: '',
142 silly mapToRegistry   spec: 'latest',
142 silly mapToRegistry   type: 'tag' }
143 silly mapToRegistry uri https://registry.npmjs.org/request
144 verbose addNameRange registry:https://registry.npmjs.org/request not in flight; fetching
145 silly cache afterAdd inquirer@3.3.0
146 verbose afterAdd C:\Users\Mendoza\AppData\Roaming\npm-cache\inquirer\3.3.0\package\package.json not in flight; writing
147 verbose correctMkdir C:\Users\Mendoza\AppData\Roaming\npm-cache correctMkdir not in flight; initializing
148 verbose get https://registry.npmjs.org/request not expired, no request
149 silly addNameRange number 2 { name: 'request', range: '>=2.82.0 <3.0.0', hasData: true }
150 silly addNameRange versions [ 'request',
150 silly addNameRange   [ '0.10.0',
150 silly addNameRange     '0.8.3',
150 silly addNameRange     '0.9.0',
150 silly addNameRange     '0.9.1',
150 silly addNameRange     '0.9.5',
150 silly addNameRange     '1.0.0',
150 silly addNameRange     '1.1.0',
150 silly addNameRange     '1.1.1',
150 silly addNameRange     '1.2.0',
150 silly addNameRange     '1.9.0',
150 silly addNameRange     '1.9.1',
150 silly addNameRange     '1.9.2',
150 silly addNameRange     '1.9.3',
150 silly addNameRange     '1.9.5',
150 silly addNameRange     '1.9.7',
150 silly addNameRange     '1.9.8',
150 silly addNameRange     '1.9.9',
150 silly addNameRange     '2.0.0',
150 silly addNameRange     '2.0.1',
150 silly addNameRange     '2.0.2',
150 silly addNameRange     '2.0.3',
150 silly addNameRange     '2.0.4',
150 silly addNameRange     '2.0.5',
150 silly addNameRange     '2.1.0',
150 silly addNameRange     '2.1.1',
150 silly addNameRange     '2.2.0',
150 silly addNameRange     '2.2.5',
150 silly addNameRange     '2.2.6',
150 silly addNameRange     '2.2.9',
150 silly addNameRange     '2.9.0',
150 silly addNameRange     '2.9.1',
150 silly addNameRange     '2.9.2',
150 silly addNameRange     '2.9.3',
150 silly addNameRange     '2.9.100',
150 silly addNameRange     '2.9.150',
150 silly addNameRange     '2.9.151',
150 silly addNameRange     '2.9.152',
150 silly addNameRange     '2.9.153',
150 silly addNameRange     '2.9.200',
150 silly addNameRange     '2.9.201',
150 silly addNameRange     '2.9.202',
150 silly addNameRange     '2.9.203',
150 silly addNameRange     '2.10.0',
150 silly addNameRange     '2.11.0',
150 silly addNameRange     '2.11.1',
150 silly addNameRange     '2.11.2',
150 silly addNameRange     '2.11.3',
150 silly addNameRange     '2.11.4',
150 silly addNameRange     '2.12.0',
150 silly addNameRange     '2.14.0',
150 silly addNameRange     '2.16.0',
150 silly addNameRange     '2.16.2',
150 silly addNameRange     '2.16.4',
150 silly addNameRange     '2.16.6',
150 silly addNameRange     '2.18.0',
150 silly addNameRange     '2.19.0',
150 silly addNameRange     '2.20.0',
150 silly addNameRange     '2.21.0',
150 silly addNameRange     '2.22.0',
150 silly addNameRange     '2.23.0',
150 silly addNameRange     '2.24.0',
150 silly addNameRange     '2.25.0',
150 silly addNameRange     '2.26.0',
150 silly addNameRange     '2.27.0',
150 silly addNameRange     '2.28.0',
150 silly addNameRange     '2.29.0',
150 silly addNameRange     '2.30.0',
150 silly addNameRange     '2.31.0',
150 silly addNameRange     '2.32.0',
150 silly addNameRange     '2.33.0',
150 silly addNameRange     '2.34.0',
150 silly addNameRange     '2.35.0',
150 silly addNameRange     '2.36.0',
150 silly addNameRange     '2.37.0',
150 silly addNameRange     '2.38.0',
150 silly addNameRange     '2.39.0',
150 silly addNameRange     '2.40.0',
150 silly addNameRange     '2.41.0',
150 silly addNameRange     '2.42.0',
150 silly addNameRange     '2.43.0',
150 silly addNameRange     '2.44.0',
150 silly addNameRange     '2.45.0',
150 silly addNameRange     '2.46.0',
150 silly addNameRange     '2.47.0',
150 silly addNameRange     '2.48.0',
150 silly addNameRange     '2.49.0',
150 silly addNameRange     '2.50.0',
150 silly addNameRange     '2.51.0',
150 silly addNameRange     '2.52.0',
150 silly addNameRange     '2.53.0',
150 silly addNameRange     '2.54.0',
150 silly addNameRange     '2.55.0',
150 silly addNameRange     '2.56.0',
150 silly addNameRange     '2.57.0',
150 silly addNameRange     '2.58.0',
150 silly addNameRange     '2.59.0',
150 silly addNameRange     '2.60.0',
150 silly addNameRange     '2.61.0',
150 silly addNameRange     '2.62.0',
150 silly addNameRange     '2.63.0',
150 silly addNameRange     ... 20 more items ] ]
151 silly addNamed request@2.83.0
152 verbose addNamed "2.83.0" is a plain semver version for request
153 silly cache afterAdd request@2.83.0
154 verbose afterAdd C:\Users\Mendoza\AppData\Roaming\npm-cache\request\2.83.0\package\package.json not in flight; writing
155 verbose correctMkdir C:\Users\Mendoza\AppData\Roaming\npm-cache correctMkdir not in flight; initializing
156 verbose afterAdd C:\Users\Mendoza\AppData\Roaming\npm-cache\inquirer\3.3.0\package\package.json written
157 verbose afterAdd C:\Users\Mendoza\AppData\Roaming\npm-cache\request\2.83.0\package\package.json written
158 silly fetchAndShaCheck shasum 09dd3088428fbf1d0ca4cdf6bbb2d1236bdaa934
159 verbose addTmpTarball C:\Users\Mendoza\AppData\Local\Temp\npm-14956-339892c9\registry.npmjs.org\node-spotify-api\-\node-spotify-api-1.0.7.tgz not in flight; adding
160 verbose addTmpTarball already have metadata; skipping unpack for node-spotify-api@1.0.7
161 verbose correctMkdir C:\Users\Mendoza\AppData\Roaming\npm-cache correctMkdir not in flight; initializing
162 silly cache afterAdd node-spotify-api@1.0.7
163 verbose afterAdd C:\Users\Mendoza\AppData\Roaming\npm-cache\node-spotify-api\1.0.7\package\package.json not in flight; writing
164 verbose correctMkdir C:\Users\Mendoza\AppData\Roaming\npm-cache correctMkdir not in flight; initializing
165 verbose afterAdd C:\Users\Mendoza\AppData\Roaming\npm-cache\node-spotify-api\1.0.7\package\package.json written
166 silly rollbackFailedOptional Starting
167 silly rollbackFailedOptional Finishing
168 silly runTopLevelLifecycles Finishing
169 silly install printInstalled
170 verbose stack Error: No compatible version found: node-twitter@^1.7.1
170 verbose stack Valid install targets:
170 verbose stack 0.5.3, 0.5.2, 0.5.1, 0.5.0, 0.4.6, 0.4.5, 0.4.4, 0.4.1, 0.3.0, 0.2.0, 0.1.3, 0.1.2, 0.1.1, 0.1.0
170 verbose stack
170 verbose stack     at pickVersionFromRegistryDocument (C:\Program Files\nodejs\node_modules\npm\lib\fetch-package-metadata.js:178:16)
170 verbose stack     at C:\Program Files\nodejs\node_modules\npm\node_modules\iferr\index.js:13:50
170 verbose stack     at C:\Program Files\nodejs\node_modules\npm\lib\utils\pulse-till-done.js:20:8
170 verbose stack     at saved (C:\Program Files\nodejs\node_modules\npm\lib\cache\caching-client.js:174:7)
170 verbose stack     at C:\Program Files\nodejs\node_modules\npm\node_modules\graceful-fs\polyfills.js:241:18
170 verbose stack     at FSReqWrap.oncomplete (fs.js:123:15)
171 verbose cwd D:\Libraries\Desktop\Projects\liri-node-app
172 error Windows_NT 10.0.15063
173 error argv "C:\\Program Files\\nodejs\\node.exe" "C:\\Program Files\\nodejs\\node_modules\\npm\\bin\\npm-cli.js" "install"
174 error node v6.11.1
175 error npm  v3.10.10
176 error code ETARGET
177 error notarget No compatible version found: node-twitter@^1.7.1
177 error notarget Valid install targets:
177 error notarget 0.5.3, 0.5.2, 0.5.1, 0.5.0, 0.4.6, 0.4.5, 0.4.4, 0.4.1, 0.3.0, 0.2.0, 0.1.3, 0.1.2, 0.1.1, 0.1.0
178 error notarget This is most likely not a problem with npm itself.
178 error notarget In most cases you or one of your dependencies are requesting
178 error notarget a package version that doesn't exist.
178 error notarget
178 error notarget It was specified as a dependency of 'liri-node-app'
179 verbose exit [ 1, true ]
